<?xml version="1.0" encoding="UTF-8"?>
<!-- Generated by org.testng.reporters.JUnitReportReporter -->
<testsuite ignored="1" hostname="ip-172-31-45-93.ec2.internal" failures="0" tests="2" name="com.marolix.MySampleYamlTest" time="3.701" errors="0" timestamp="23 Sep 2023 07:40:54 GMT" skipped="0">
  <testcase classname="com.marolix.MySampleYamlTest" name="testUsingTestFramework" time="0.826"/>
  <testcase classname="com.marolix.MySampleYamlTest" name="testEntity" time="2.875"/>
  <testcase classname="com.marolix.MySampleYamlTest" name="testViaCatalog">
    <skipped/>
  </testcase> <!-- testViaCatalog -->
</testsuite> <!-- com.marolix.MySampleYamlTest -->
