<?xml version="1.0" encoding="UTF-8"?>
<!-- Generated by org.testng.reporters.JUnitReportReporter -->
<testsuite ignored="1" hostname="ip-172-31-45-93.ec2.internal" failures="0" tests="1" name="com.marolix.MySampleTest" time="0.233" errors="0" timestamp="23 Sep 2023 07:40:54 GMT" skipped="0">
  <testcase classname="com.marolix.MySampleTest" name="testEntity" time="0.233"/>
  <testcase classname="com.marolix.MySampleYamlTest" name="testViaCatalog">
    <skipped/>
  </testcase> <!-- testViaCatalog -->
</testsuite> <!-- com.marolix.MySampleTest -->
